[18:24:31] [main/INFO]: Environment: authHost='https://authserver.mojang.com', accountsHost='https://api.mojang.com', sessionHost='https://sessionserver.mojang.com', servicesHost='https://api.minecraftservices.com', name='PROD'
[18:24:32] [main/WARN]: Ambiguity between arguments [teleport, destination] and [teleport, targets] with inputs: [Player, 0123, @e, dd12be42-52a9-4a91-a8a1-11c01849e498]
[18:24:32] [main/WARN]: Ambiguity between arguments [teleport, location] and [teleport, destination] with inputs: [0.1 -0.5 .9, 0 0 0]
[18:24:32] [main/WARN]: Ambiguity between arguments [teleport, location] and [teleport, targets] with inputs: [0.1 -0.5 .9, 0 0 0]
[18:24:32] [main/WARN]: Ambiguity between arguments [teleport, targets] and [teleport, destination] with inputs: [Player, 0123, dd12be42-52a9-4a91-a8a1-11c01849e498]
[18:24:32] [main/WARN]: Ambiguity between arguments [teleport, targets, location] and [teleport, targets, destination] with inputs: [0.1 -0.5 .9, 0 0 0]
[18:24:32] [main/INFO]: Reloading ResourceManager: Default, ija-one-block
[18:24:34] [Worker-Main-9/INFO]: Loaded 7 recipes
[18:24:35] [Worker-Main-9/INFO]: Loaded 927 advancements
[18:24:38] [Server thread/INFO]: Starting minecraft server version 1.16.4
[18:24:38] [Server thread/INFO]: Loading properties
[18:24:38] [Server thread/INFO]: Default game type: SURVIVAL
[18:24:38] [Server thread/INFO]: Generating keypair
[18:24:39] [Server thread/INFO]: Starting Minecraft server on *:25565
[18:24:39] [Server thread/INFO]: Using default channel type
[18:24:40] [Server thread/INFO]: Preparing level "world"
[18:24:40] [Server thread/INFO]: Preparing start region for dimension minecraft:overworld
[18:24:41] [Server thread/INFO]: Preparing spawn area: 0%
[18:24:41] [Server thread/INFO]: Preparing spawn area: 0%
[18:24:41] [Server thread/INFO]: Preparing spawn area: 0%
[18:24:42] [Server thread/INFO]: Preparing spawn area: 0%
[18:24:42] [Server thread/INFO]: Preparing spawn area: 0%
[18:24:43] [Server thread/INFO]: Time elapsed: 2927 ms
[18:24:43] [Server thread/INFO]: Done (3.247s)! For help, type "help"
[18:26:23] [User Authenticator #1/INFO]: UUID of player EasonYehYOYO is 11d58e21-8e3d-4e08-b82a-016932450fc9
[18:26:24] [Server thread/INFO]: EasonYehYOYO[/127.0.0.1:62197] logged in with entity id 63 at (-4.280620050772162, 61.0, -0.9196970799862992)
[18:26:24] [Server thread/INFO]: EasonYehYOYO joined the game
[18:27:24] [User Authenticator #2/INFO]: UUID of player Babyching is 02bc3468-90eb-4791-872f-a020d93dc04b
[18:27:24] [Server thread/INFO]: Babyching[/26.219.29.70:52771] logged in with entity id 64 at (-8.391954223892455, 61.0, 3.8192152086750255)
[18:27:24] [Server thread/INFO]: Babyching joined the game
[18:34:51] [Server thread/WARN]: EasonYehYOYO moved too quickly! 67.0260996132682,0.0,54.035218870229855
[18:37:50] [Server thread/WARN]: Babyching moved too quickly! 24.34581224648474,2.0,15.638609688569755
[18:41:55] [Server thread/WARN]: EasonYehYOYO moved too quickly! 8.21221572324788,11.0,-8.215747589213859
[18:45:35] [Server thread/INFO]: EasonYehYOYO was slain by Piglin Brute
[18:46:32] [Server thread/INFO]: Babyching burned to death
[18:48:42] [Server thread/INFO]: Babyching was slain by Piglin Brute
[18:48:46] [Server thread/INFO]: EasonYehYOYO was slain by Piglin Brute
[18:48:52] [Server thread/INFO]: Babyching was slain by Piglin Brute
[18:51:34] [Server thread/INFO]: EasonYehYOYO was slain by Spider
[19:01:05] [Server thread/INFO]: Babyching tried to swim in lava
[19:03:39] [Server thread/INFO]: Babyching has made the advancement [Not Quite "Nine" Lives]
[19:03:44] [Server thread/INFO]: EasonYehYOYO has made the advancement [Not Quite "Nine" Lives]
[19:08:51] [Server thread/WARN]: Babyching moved too quickly! 6.057000751144571,-4.0,-14.527656189870257
[19:09:43] [Server thread/INFO]: Babyching lost connection: Disconnected
[19:09:43] [Server thread/INFO]: Babyching left the game
[19:09:48] [Server thread/INFO]: EasonYehYOYO lost connection: Disconnected
[19:09:48] [Server thread/INFO]: EasonYehYOYO left the game
[19:10:09] [Server thread/INFO]: Stopping server
[19:10:09] [Server thread/INFO]: Saving players
[19:10:09] [Server thread/INFO]: Saving worlds
[19:10:09] [Server thread/INFO]: Saving chunks for level 'ServerLevel[¡±6OneBlock¡±7 (1.16.4)]'/minecraft:overworld
[19:10:09] [Server thread/INFO]: ThreadedAnvilChunkStorage (world): All chunks are saved
[19:10:09] [Server thread/INFO]: Saving chunks for level 'ServerLevel[¡±6OneBlock¡±7 (1.16.4)]'/minecraft:the_nether
[19:10:09] [Server thread/INFO]: ThreadedAnvilChunkStorage (DIM-1): All chunks are saved
[19:10:09] [Server thread/INFO]: Saving chunks for level 'ServerLevel[¡±6OneBlock¡±7 (1.16.4)]'/minecraft:the_end
[19:10:09] [Server thread/INFO]: ThreadedAnvilChunkStorage (DIM1): All chunks are saved
[19:10:09] [Server thread/INFO]: ThreadedAnvilChunkStorage (world): All chunks are saved
[19:10:09] [Server thread/INFO]: ThreadedAnvilChunkStorage (DIM-1): All chunks are saved
[19:10:09] [Server thread/INFO]: ThreadedAnvilChunkStorage (DIM1): All chunks are saved
